/////////////////////////////////////////////////////////////////
//                                                            //
//  NatLink Session Started Friday, December 28, 2012 13:11:33  //
//                                                            //
//      NatLink Log File Service, (c) R. Wilke 2012           //
//                                                            //
////////////////////////////////////////////////////////////////

13:11:33 NatLink Module now loaded from CDgnAppSupport::Register()

13:11:33 + CDragonCode::getCurrentUser() 1
13:11:33   CDragonCode::getCurrentUser() 2
13:11:33   CDragonCode::getCurrentUser() 3
13:11:33   CDragonCode::getCurrentUser() 4
13:11:33 + CDragonCode::getCurrentModule
13:11:33   CDragonCode::getCurrentModule 1
13:11:33   CDragonCode::getCurrentModule 2
13:11:33   CDragonCode::getCurrentModule 3
13:11:33   CDragonCode::getCurrentModule 4
13:11:33   CDragonCode::getCurrentModule 5
13:11:33 + gramobj_setBeginCallback
13:11:33 + CGramObj::setBeginCallback
13:11:33 + gramobj_setBeginCallback
13:11:33 + CGramObj::setBeginCallback
13:11:33 + gramobj_setBeginCallback
13:11:33 + CGramObj::setBeginCallback
13:11:34 + natlink_getCallbackDepth
13:11:34 + CDragonCode::getCallbackDepth()
13:11:34 + natlink_getCallbackDepth
13:11:34 + CDragonCode::getCallbackDepth()
13:11:34 + natlink_setBeginCallback
13:11:34 + CDragonCode::setBeginCallback
13:11:34 + natlink_setChangeCallback
13:11:34 + CDragonCode::setChangeCallback
13:11:46 + hiddenWndProc WM_COMMAND
13:11:46 - hiddenWndProc WM_COMMAND
13:11:47 + hiddenWndProc WM_COMMAND
13:11:47 - hiddenWndProc WM_COMMAND
13:12:23 + hiddenWndProc WM_SENDRESULTS
13:12:23 + CDgnSSvcActionNotifySink::PlaybackDone
13:12:23 - CDgnSSvcActionNotifySink::PlaybackDone
13:12:23 + hiddenWndProc WM_PLAYBACK/WM_EXECUTION
13:12:23 - hiddenWndProc WM_PLAYBACK/WM_EXECUTION
13:12:23 ... resetPauseRecog 0000 0000
13:12:23 - hiddenWndProc WM_SENDRESULTS
13:13:16 + hiddenWndProc WM_COMMAND
13:13:16 - hiddenWndProc WM_COMMAND
13:13:17 + hiddenWndProc WM_COMMAND
13:13:17 - hiddenWndProc WM_COMMAND
13:13:19 + hiddenWndProc WM_COMMAND
13:13:19 + CDragonCode::setChangeCallback
13:13:19 + CDragonCode::setBeginCallback
13:13:19 + CGramObj::setBeginCallback
13:13:19 + CDragonCode::getCurrentUser() 1
13:13:19   CDragonCode::getCurrentUser() 2
13:13:19   CDragonCode::getCurrentUser() 3
13:13:19   CDragonCode::getCurrentUser() 4
13:13:19 + CDragonCode::getCurrentModule
13:13:19   CDragonCode::getCurrentModule 1
13:13:19   CDragonCode::getCurrentModule 2
13:13:19   CDragonCode::getCurrentModule 3
13:13:19   CDragonCode::getCurrentModule 4
13:13:19   CDragonCode::getCurrentModule 5
13:13:19 + gramobj_setBeginCallback
13:13:19 + CGramObj::setBeginCallback
13:13:19 + gramobj_setBeginCallback
13:13:19 + CGramObj::setBeginCallback
13:13:19 + gramobj_setBeginCallback
13:13:19 + CGramObj::setBeginCallback
13:13:19 + natlink_getCallbackDepth
13:13:19 + CDragonCode::getCallbackDepth()
13:13:19 + natlink_getCallbackDepth
13:13:19 + CDragonCode::getCallbackDepth()
13:13:19 + natlink_setBeginCallback
13:13:19 + CDragonCode::setBeginCallback
13:13:19 + natlink_setChangeCallback
13:13:19 + CDragonCode::setChangeCallback
13:13:19 - hiddenWndProc WM_COMMAND
13:13:28 + hiddenWndProc WM_SENDRESULTS
13:13:28 + CDgnSSvcActionNotifySink::PlaybackDone
13:13:28 - CDgnSSvcActionNotifySink::PlaybackDone
13:13:28 + hiddenWndProc WM_PLAYBACK/WM_EXECUTION
13:13:28 - hiddenWndProc WM_PLAYBACK/WM_EXECUTION
13:13:28 ... resetPauseRecog 0000 0000
13:13:28 - hiddenWndProc WM_SENDRESULTS
13:13:32 + hiddenWndProc WM_COMMAND
13:13:32 - hiddenWndProc WM_COMMAND
13:13:45 NatLink Module now unloading from CDgnAppSupport::UnRegister()
13:13:45 entering: CDragonCode::natDisconnect()
